<?xml version="1.0" encoding="UTF-8"?>
<testsuite xmlns:xsi="http://www.w3.org/2001/XMLSchema-instance" xsi:noNamespaceSchemaLocation="https://maven.apache.org/surefire/maven-surefire-plugin/xsd/surefire-test-report.xsd" name="g53203.mentoring.repository.StudentRepositoryTest" time="0.208" tests="11" errors="0" skipped="0" failures="0">
  <properties>
[...]
</properties>
  <testcase name="testRemoveNotExisting" classname="g53203.mentoring.repository.StudentRepositoryTest" time="0.191"/>
  <testcase name="testGetExist" classname="g53203.mentoring.repository.StudentRepositoryTest" time="0.002"/>
  <testcase name="testGetNotExist" classname="g53203.mentoring.repository.StudentRepositoryTest" time="0.001"/>
  <testcase name="testGetBadParam" classname="g53203.mentoring.repository.StudentRepositoryTest" time="0.001"/>
  <testcase name="testRemoveExisting" classname="g53203.mentoring.repository.StudentRepositoryTest" time="0.001"/>
  <testcase name="testContainsNotExisting" classname="g53203.mentoring.repository.StudentRepositoryTest" time="0.001"/>
  <testcase name="testAddWhenBadParam" classname="g53203.mentoring.repository.StudentRepositoryTest" time="0.001"/>
  <testcase name="testAddWhenExisting" classname="g53203.mentoring.repository.StudentRepositoryTest" time="0.001"/>
  <testcase name="testContainsBadParam" classname="g53203.mentoring.repository.StudentRepositoryTest" time="0.001"/>
  <testcase name="testContainsExisting" classname="g53203.mentoring.repository.StudentRepositoryTest" time="0.002"/>
  <testcase name="testGetAll" classname="g53203.mentoring.repository.StudentRepositoryTest" time="0.002"/>
</testsuite>